<?xml version="1.0" encoding="UTF-8"?>
<robot generator="Robot 5.0.1 (Python 3.10.7 on win32)" generated="20240818 23:48:40.877" rpa="false" schemaversion="3">
<suite id="s1" name="MobileLionParcelCheckRateNegative" source="D:\Project\LionParcelPretest_JonathanHindharta\test\MobileLionParcelCheckRateNegative.robot">
<test id="s1-t1" name="Scenario : Open Lion Parcel Android App And Check Rate With Input Wrong Destinantion" line="10">
<kw name="Given LionParcelLoginPage.User Open Lion Parcel App Home Page" library="LionParcelLoginPage">
<kw name="Open Application" library="AppiumLibrary">
<arg>${remote_url}</arg>
<arg>automationName=${automation_name}</arg>
<arg>platformName=${plaftorm_name}</arg>
<arg>platformVersion=${platform_version}</arg>
<arg>deviceName=${device_name}</arg>
<arg>appPackage=${app_package}</arg>
<arg>appActivity=${app_activity}</arg>
<doc>Opens a new application to given Appium server.
Capabilities of appium server, Android and iOS,
Please check https://appium.io/docs/en/2.1/cli/args/
| *Option*            | *Man.* | *Description*     |
| remote_url          | Yes    | Appium server url |
| alias               | no     | alias             |
| strict_ssl          | No     | allows you to send commands to an invalid certificate host like a self-signed one. |</doc>
<status status="PASS" starttime="20240818 23:48:41.059" endtime="20240818 23:48:51.501"/>
</kw>
<status status="PASS" starttime="20240818 23:48:41.058" endtime="20240818 23:48:51.501"/>
</kw>
<kw name="Then LionParcelLoginPage.User Will Be Redirected To Login Page And Pop Up Privacy Policy Appear" library="LionParcelLoginPage">
<kw name="Wait Until Element Is Visible" library="AppiumLibrary">
<arg>id=${privacy_policy_list_xpath_id}</arg>
<doc>Waits until element specified with `locator` is visible.</doc>
<msg timestamp="20240818 23:48:52.869" level="INFO">criteria is com.lionparcel.services.consumer:id/llListItem</msg>
<status status="PASS" starttime="20240818 23:48:51.502" endtime="20240818 23:48:52.869"/>
</kw>
<kw name="Wait Until Element Is Visible" library="AppiumLibrary">
<arg>id=${disagree_button_xpath_id}</arg>
<doc>Waits until element specified with `locator` is visible.</doc>
<msg timestamp="20240818 23:48:52.901" level="INFO">criteria is com.lionparcel.services.consumer:id/btnDisagree</msg>
<status status="PASS" starttime="20240818 23:48:52.869" endtime="20240818 23:48:52.901"/>
</kw>
<kw name="Wait Until Element Is Visible" library="AppiumLibrary">
<arg>id=${agree_button_xpath_id}</arg>
<doc>Waits until element specified with `locator` is visible.</doc>
<msg timestamp="20240818 23:48:52.935" level="INFO">criteria is com.lionparcel.services.consumer:id/btnAgree</msg>
<status status="PASS" starttime="20240818 23:48:52.902" endtime="20240818 23:48:52.935"/>
</kw>
<status status="PASS" starttime="20240818 23:48:51.502" endtime="20240818 23:48:52.935"/>
</kw>
<kw name="When LionParcelLoginPage.User Click Agree Button in Privacy Policy Pop Up" library="LionParcelLoginPage">
<kw name="Click Element" library="AppiumLibrary">
<arg>id=${agree_button_xpath_id}</arg>
<doc>Click element identified by `locator`.</doc>
<msg timestamp="20240818 23:48:52.938" level="INFO">Clicking element 'id=com.lionparcel.services.consumer:id/btnAgree'.</msg>
<msg timestamp="20240818 23:48:53.005" level="INFO">criteria is com.lionparcel.services.consumer:id/btnAgree</msg>
<status status="PASS" starttime="20240818 23:48:52.936" endtime="20240818 23:48:53.005"/>
</kw>
<kw name="Sleep" library="BuiltIn">
<arg>2s</arg>
<doc>Pauses the test executed for the given time.</doc>
<msg timestamp="20240818 23:48:55.018" level="INFO">Slept 2 seconds</msg>
<status status="PASS" starttime="20240818 23:48:53.005" endtime="20240818 23:48:55.018"/>
</kw>
<status status="PASS" starttime="20240818 23:48:52.935" endtime="20240818 23:48:55.018"/>
</kw>
<kw name="Then LionParcelLoginPage.Pop Up Privacy Policy Will Be Disappear And Login Page Will Be Loaded" library="LionParcelLoginPage">
<kw name="Wait Until Element Is Visible" library="AppiumLibrary">
<arg>id=${register_button_xpath_id}</arg>
<arg>${time_out_element_visible}</arg>
<doc>Waits until element specified with `locator` is visible.</doc>
<msg timestamp="20240818 23:48:55.142" level="INFO">criteria is com.lionparcel.services.consumer:id/btnRegister</msg>
<status status="PASS" starttime="20240818 23:48:55.019" endtime="20240818 23:48:55.142"/>
</kw>
<kw name="Wait Until Element Is Visible" library="AppiumLibrary">
<arg>id=${login_button_xpath_id}</arg>
<arg>${time_out_element_visible}</arg>
<doc>Waits until element specified with `locator` is visible.</doc>
<msg timestamp="20240818 23:48:55.225" level="INFO">criteria is com.lionparcel.services.consumer:id/btnLogin</msg>
<status status="PASS" starttime="20240818 23:48:55.142" endtime="20240818 23:48:55.225"/>
</kw>
<kw name="Wait Until Element Is Visible" library="AppiumLibrary">
<arg>id=${sign_in_google_button_xpath_id}</arg>
<arg>${time_out_element_visible}</arg>
<doc>Waits until element specified with `locator` is visible.</doc>
<msg timestamp="20240818 23:48:55.311" level="INFO">criteria is com.lionparcel.services.consumer:id/clGoogle</msg>
<status status="PASS" starttime="20240818 23:48:55.226" endtime="20240818 23:48:55.311"/>
</kw>
<kw name="Wait Until Element Is Visible" library="AppiumLibrary">
<arg>id=${skip_button_xpath_id}</arg>
<arg>${time_out_element_visible}</arg>
<doc>Waits until element specified with `locator` is visible.</doc>
<msg timestamp="20240818 23:48:56.138" level="INFO">criteria is com.lionparcel.services.consumer:id/txtSkip</msg>
<status status="PASS" starttime="20240818 23:48:55.311" endtime="20240818 23:48:56.138"/>
</kw>
<kw name="Get Text" library="AppiumLibrary">
<var>${skip_button_text}</var>
<arg>id=${skip_button_xpath_id}</arg>
<doc>Get element text (for hybrid and mobile browser use `xpath` locator, others might cause problem)</doc>
<msg timestamp="20240818 23:48:56.252" level="INFO">Element 'id=com.lionparcel.services.consumer:id/txtSkip' text is 'Lanjutkan Tanpa Akun' </msg>
<msg timestamp="20240818 23:48:56.252" level="INFO">criteria is com.lionparcel.services.consumer:id/txtSkip</msg>
<msg timestamp="20240818 23:48:56.252" level="INFO">${skip_button_text} = Lanjutkan Tanpa Akun</msg>
<status status="PASS" starttime="20240818 23:48:56.139" endtime="20240818 23:48:56.252"/>
</kw>
<kw name="Should Be Equal As Strings" library="BuiltIn">
<arg>${skip_button_text}</arg>
<arg>${skip_button_text_should_be}</arg>
<doc>Fails if objects are unequal after converting them to strings.</doc>
<status status="PASS" starttime="20240818 23:48:56.252" endtime="20240818 23:48:56.253"/>
</kw>
<status status="PASS" starttime="20240818 23:48:55.019" endtime="20240818 23:48:56.253"/>
</kw>
<kw name="When LionParcelLoginPage.User Click Continue Without Account" library="LionParcelLoginPage">
<kw name="Click Element" library="AppiumLibrary">
<arg>id=${skip_button_xpath_id}</arg>
<doc>Click element identified by `locator`.</doc>
<msg timestamp="20240818 23:48:56.255" level="INFO">Clicking element 'id=com.lionparcel.services.consumer:id/txtSkip'.</msg>
<msg timestamp="20240818 23:48:56.421" level="INFO">criteria is com.lionparcel.services.consumer:id/txtSkip</msg>
<status status="PASS" starttime="20240818 23:48:56.253" endtime="20240818 23:48:56.421"/>
</kw>
<kw name="Sleep" library="BuiltIn">
<arg>7s</arg>
<doc>Pauses the test executed for the given time.</doc>
<msg timestamp="20240818 23:49:03.436" level="INFO">Slept 7 seconds</msg>
<status status="PASS" starttime="20240818 23:48:56.421" endtime="20240818 23:49:03.436"/>
</kw>
<status status="PASS" starttime="20240818 23:48:56.253" endtime="20240818 23:49:03.436"/>
</kw>
<kw name="Then LionParcelHomePage.Lion Parcel Home Page With Pop Up Tracking Will Appear" library="LionParcelHomePage">
<kw name="Wait Until Element Is Visible" library="AppiumLibrary">
<arg>id=${tittle_text_xpath_id}</arg>
<arg>${time_out_element_visible}</arg>
<doc>Waits until element specified with `locator` is visible.</doc>
<msg timestamp="20240818 23:49:44.205" level="INFO">criteria is com.lionparcel.services.consumer:id/txtTittle
criteria is com.lionparcel.services.consumer:id/txtTittle</msg>
<status status="PASS" starttime="20240818 23:49:03.437" endtime="20240818 23:49:44.205"/>
</kw>
<kw name="Wait Until Element Is Visible" library="AppiumLibrary">
<arg>id=${pop_up_tracking_close_button_xpath_id}</arg>
<arg>${time_out_element_visible}</arg>
<doc>Waits until element specified with `locator` is visible.</doc>
<msg timestamp="20240818 23:50:14.820" level="INFO">criteria is com.lionparcel.services.consumer:id/ivClose</msg>
<status status="PASS" starttime="20240818 23:49:44.205" endtime="20240818 23:50:14.820"/>
</kw>
<status status="PASS" starttime="20240818 23:49:03.437" endtime="20240818 23:50:14.820"/>
</kw>
<kw name="When LionParcelHomePage.User Click Close Pop Up Tracking Button" library="LionParcelHomePage">
<kw name="Click Element" library="AppiumLibrary">
<arg>id=${pop_up_tracking_close_button_xpath_id}</arg>
<doc>Click element identified by `locator`.</doc>
<msg timestamp="20240818 23:50:14.823" level="INFO">Clicking element 'id=com.lionparcel.services.consumer:id/ivClose'.</msg>
<msg timestamp="20240818 23:50:46.210" level="INFO">criteria is com.lionparcel.services.consumer:id/ivClose</msg>
<status status="PASS" starttime="20240818 23:50:14.821" endtime="20240818 23:50:46.210"/>
</kw>
<status status="PASS" starttime="20240818 23:50:14.820" endtime="20240818 23:50:46.210"/>
</kw>
<kw name="Then LionParcelHomePage.Pick Up Offer Pop Up Will Appear" library="LionParcelHomePage">
<kw name="Wait Until Element Is Visible" library="AppiumLibrary">
<arg>id=${pick_up_pop_up_xpath_id}</arg>
<doc>Waits until element specified with `locator` is visible.</doc>
<msg timestamp="20240818 23:50:46.309" level="INFO">criteria is com.lionparcel.services.consumer:id/mcvParent</msg>
<status status="PASS" starttime="20240818 23:50:46.211" endtime="20240818 23:50:46.310"/>
</kw>
<kw name="Wait Until Element Is Visible" library="AppiumLibrary">
<arg>id=${pick_up_close_xpath_id}</arg>
<doc>Waits until element specified with `locator` is visible.</doc>
<msg timestamp="20240818 23:50:46.406" level="INFO">criteria is com.lionparcel.services.consumer:id/imgClose</msg>
<status status="PASS" starttime="20240818 23:50:46.310" endtime="20240818 23:50:46.406"/>
</kw>
<status status="PASS" starttime="20240818 23:50:46.211" endtime="20240818 23:50:46.408"/>
</kw>
<kw name="When LionParcelHomePage.User Click Close Pick Up Offer Pop Up" library="LionParcelHomePage">
<kw name="Click Element" library="AppiumLibrary">
<arg>id=${pick_up_close_xpath_id}</arg>
<doc>Click element identified by `locator`.</doc>
<msg timestamp="20240818 23:50:46.410" level="INFO">Clicking element 'id=com.lionparcel.services.consumer:id/imgClose'.</msg>
<msg timestamp="20240818 23:50:46.564" level="INFO">criteria is com.lionparcel.services.consumer:id/imgClose</msg>
<status status="PASS" starttime="20240818 23:50:46.408" endtime="20240818 23:50:46.564"/>
</kw>
<status status="PASS" starttime="20240818 23:50:46.408" endtime="20240818 23:50:46.564"/>
</kw>
<kw name="Then LionParcelHomePage.Pick Up Offer Pop Up Will Be Closed and User Can See All Menu in Home Page" library="LionParcelHomePage">
<kw name="Wait Until Element Is Visible" library="AppiumLibrary">
<arg>id=${input_stt_xpath_id}</arg>
<arg>${time_out_element_visible}</arg>
<doc>Waits until element specified with `locator` is visible.</doc>
<msg timestamp="20240818 23:50:47.616" level="INFO">criteria is com.lionparcel.services.consumer:id/txtInputStt</msg>
<status status="PASS" starttime="20240818 23:50:46.565" endtime="20240818 23:50:47.616"/>
</kw>
<kw name="Wait Until Element Is Visible" library="AppiumLibrary">
<arg>id=${chat_xpath_id}</arg>
<arg>${time_out_element_visible}</arg>
<doc>Waits until element specified with `locator` is visible.</doc>
<msg timestamp="20240818 23:50:47.800" level="INFO">criteria is com.lionparcel.services.consumer:id/ivChat</msg>
<status status="PASS" starttime="20240818 23:50:47.616" endtime="20240818 23:50:47.800"/>
</kw>
<kw name="Wait Until Element Is Visible" library="AppiumLibrary">
<arg>id=${imgnotification_xpath_id}</arg>
<arg>${time_out_element_visible}</arg>
<doc>Waits until element specified with `locator` is visible.</doc>
<msg timestamp="20240818 23:50:48.003" level="INFO">criteria is com.lionparcel.services.consumer:id/imgNotification</msg>
<status status="PASS" starttime="20240818 23:50:47.800" endtime="20240818 23:50:48.004"/>
</kw>
<kw name="Wait Until Element Is Visible" library="AppiumLibrary">
<arg>id=${member_desc_xpath_id}</arg>
<arg>${time_out_element_visible}</arg>
<doc>Waits until element specified with `locator` is visible.</doc>
<msg timestamp="20240818 23:50:48.178" level="INFO">criteria is com.lionparcel.services.consumer:id/llMembershipDescription</msg>
<status status="PASS" starttime="20240818 23:50:48.004" endtime="20240818 23:50:48.178"/>
</kw>
<kw name="Wait Until Element Is Visible" library="AppiumLibrary">
<arg>id=${disc_alert_xpath_id}</arg>
<arg>${time_out_element_visible}</arg>
<doc>Waits until element specified with `locator` is visible.</doc>
<msg timestamp="20240818 23:50:48.365" level="INFO">criteria is com.lionparcel.services.consumer:id/llAlert</msg>
<status status="PASS" starttime="20240818 23:50:48.178" endtime="20240818 23:50:48.365"/>
</kw>
<kw name="Wait Until Element Is Visible" library="AppiumLibrary">
<arg>xpath=${pick_up_menu_xpath}</arg>
<arg>${time_out_element_visible}</arg>
<doc>Waits until element specified with `locator` is visible.</doc>
<msg timestamp="20240818 23:50:49.068" level="INFO">xpath criteria: (//android.widget.ImageView[@content-desc="Ini merupakan sebuah gambar"])[4]</msg>
<status status="PASS" starttime="20240818 23:50:48.365" endtime="20240818 23:50:49.068"/>
</kw>
<kw name="Wait Until Element Is Visible" library="AppiumLibrary">
<arg>xpath=${drop_package_menu_xpath}</arg>
<arg>${time_out_element_visible}</arg>
<doc>Waits until element specified with `locator` is visible.</doc>
<msg timestamp="20240818 23:50:49.283" level="INFO">xpath criteria: (//android.widget.ImageView[@content-desc="Ini merupakan sebuah gambar"])[5]</msg>
<status status="PASS" starttime="20240818 23:50:49.068" endtime="20240818 23:50:49.283"/>
</kw>
<kw name="Wait Until Element Is Visible" library="AppiumLibrary">
<arg>xpath=${check_rate_menu_xpath}</arg>
<arg>${time_out_element_visible}</arg>
<doc>Waits until element specified with `locator` is visible.</doc>
<msg timestamp="20240818 23:50:49.484" level="INFO">xpath criteria: (//android.widget.ImageView[@content-desc="Ini merupakan sebuah gambar"])[6]</msg>
<status status="PASS" starttime="20240818 23:50:49.283" endtime="20240818 23:50:49.484"/>
</kw>
<kw name="Wait Until Element Is Visible" library="AppiumLibrary">
<arg>xpath=${fill_together_menu_xpath}</arg>
<arg>${time_out_element_visible}</arg>
<doc>Waits until element specified with `locator` is visible.</doc>
<msg timestamp="20240818 23:50:49.722" level="INFO">xpath criteria: (//android.widget.ImageView[@content-desc="Ini merupakan sebuah gambar"])[7]</msg>
<status status="PASS" starttime="20240818 23:50:49.484" endtime="20240818 23:50:49.722"/>
</kw>
<kw name="Wait Until Element Is Visible" library="AppiumLibrary">
<arg>xpath=${claim_package_menu_xpath}</arg>
<arg>${time_out_element_visible}</arg>
<doc>Waits until element specified with `locator` is visible.</doc>
<msg timestamp="20240818 23:50:50.019" level="INFO">xpath criteria: (//android.widget.ImageView[@content-desc="Ini merupakan sebuah gambar"])[8]</msg>
<status status="PASS" starttime="20240818 23:50:49.722" endtime="20240818 23:50:50.019"/>
</kw>
<kw name="Wait Until Element Is Visible" library="AppiumLibrary">
<arg>xpath=${report_menu_xpath}</arg>
<arg>${time_out_element_visible}</arg>
<doc>Waits until element specified with `locator` is visible.</doc>
<msg timestamp="20240818 23:50:50.256" level="INFO">xpath criteria: (//android.widget.ImageView[@content-desc="Ini merupakan sebuah gambar"])[9]</msg>
<status status="PASS" starttime="20240818 23:50:50.019" endtime="20240818 23:50:51.213"/>
</kw>
<kw name="Wait Until Element Is Visible" library="AppiumLibrary">
<arg>xpath=${claim_package_menu_xpath}</arg>
<arg>${time_out_element_visible}</arg>
<doc>Waits until element specified with `locator` is visible.</doc>
<msg timestamp="20240818 23:50:52.282" level="INFO">xpath criteria: (//android.widget.ImageView[@content-desc="Ini merupakan sebuah gambar"])[8]</msg>
<status status="PASS" starttime="20240818 23:50:51.213" endtime="20240818 23:50:52.282"/>
</kw>
<kw name="Wait Until Element Is Visible" library="AppiumLibrary">
<arg>xpath=${cs_liona_menu_xpath}</arg>
<arg>${time_out_element_visible}</arg>
<doc>Waits until element specified with `locator` is visible.</doc>
<msg timestamp="20240818 23:50:52.544" level="INFO">xpath criteria: (//android.widget.ImageView[@content-desc="Ini merupakan sebuah gambar"])[10]</msg>
<status status="PASS" starttime="20240818 23:50:52.282" endtime="20240818 23:50:52.544"/>
</kw>
<kw name="Wait Until Element Is Visible" library="AppiumLibrary">
<arg>id=${home_nav_xpath_id}</arg>
<arg>${time_out_element_visible}</arg>
<doc>Waits until element specified with `locator` is visible.</doc>
<msg timestamp="20240818 23:50:52.796" level="INFO">criteria is com.lionparcel.services.consumer:id/navHome</msg>
<status status="PASS" starttime="20240818 23:50:52.544" endtime="20240818 23:50:52.796"/>
</kw>
<kw name="Wait Until Element Is Visible" library="AppiumLibrary">
<arg>id=${chat_nav_xpath_id}</arg>
<arg>${time_out_element_visible}</arg>
<doc>Waits until element specified with `locator` is visible.</doc>
<msg timestamp="20240818 23:50:52.973" level="INFO">criteria is com.lionparcel.services.consumer:id/navTrack</msg>
<status status="PASS" starttime="20240818 23:50:52.796" endtime="20240818 23:50:52.973"/>
</kw>
<kw name="Wait Until Element Is Visible" library="AppiumLibrary">
<arg>id=${payment_nav_xpath_id}</arg>
<arg>${time_out_element_visible}</arg>
<doc>Waits until element specified with `locator` is visible.</doc>
<msg timestamp="20240818 23:50:53.128" level="INFO">criteria is com.lionparcel.services.consumer:id/navPayment</msg>
<status status="PASS" starttime="20240818 23:50:52.973" endtime="20240818 23:50:53.128"/>
</kw>
<kw name="Wait Until Element Is Visible" library="AppiumLibrary">
<arg>id=${account_nav_xpath_id}</arg>
<arg>${time_out_element_visible}</arg>
<doc>Waits until element specified with `locator` is visible.</doc>
<msg timestamp="20240818 23:50:53.307" level="INFO">criteria is com.lionparcel.services.consumer:id/navAccount</msg>
<status status="PASS" starttime="20240818 23:50:53.129" endtime="20240818 23:50:53.307"/>
</kw>
<status status="PASS" starttime="20240818 23:50:46.565" endtime="20240818 23:50:53.307"/>
</kw>
<kw name="When LionParcelHomePage.User Click Check Rate Menu" library="LionParcelHomePage">
<kw name="Click Element" library="AppiumLibrary">
<arg>xpath=${check_rate_menu_xpath}</arg>
<doc>Click element identified by `locator`.</doc>
<msg timestamp="20240818 23:50:53.310" level="INFO">Clicking element 'xpath=(//android.widget.ImageView[@content-desc="Ini merupakan sebuah gambar"])[6]'.</msg>
<msg timestamp="20240818 23:50:53.640" level="INFO">xpath criteria: (//android.widget.ImageView[@content-desc="Ini merupakan sebuah gambar"])[6]</msg>
<status status="PASS" starttime="20240818 23:50:53.308" endtime="20240818 23:50:53.640"/>
</kw>
<kw name="Sleep" library="BuiltIn">
<arg>2s</arg>
<doc>Pauses the test executed for the given time.</doc>
<msg timestamp="20240818 23:50:55.653" level="INFO">Slept 2 seconds</msg>
<status status="PASS" starttime="20240818 23:50:53.640" endtime="20240818 23:50:55.653"/>
</kw>
<status status="PASS" starttime="20240818 23:50:53.308" endtime="20240818 23:50:55.653"/>
</kw>
<kw name="Then LionParcelCheckRatePage.Check Rate Page With Permission Pop Up Will Be Appear" library="LionParcelCheckRatePage">
<kw name="Wait Until Element Is Visible" library="AppiumLibrary">
<arg>id=${permission_foreground_button_xpath_id}</arg>
<arg>${time_out_element_visible}</arg>
<doc>Waits until element specified with `locator` is visible.</doc>
<msg timestamp="20240818 23:50:55.750" level="INFO">criteria is com.android.permissioncontroller:id/permission_allow_foreground_only_button</msg>
<status status="PASS" starttime="20240818 23:50:55.654" endtime="20240818 23:50:55.750"/>
</kw>
<status status="PASS" starttime="20240818 23:50:55.654" endtime="20240818 23:50:55.750"/>
</kw>
<kw name="When LionParcelCheckRatePage.User Click Allow Fore Ground Permission Only Button" library="LionParcelCheckRatePage">
<kw name="Click Element" library="AppiumLibrary">
<arg>id=${permission_foreground_button_xpath_id}</arg>
<doc>Click element identified by `locator`.</doc>
<msg timestamp="20240818 23:50:55.753" level="INFO">Clicking element 'id=com.android.permissioncontroller:id/permission_allow_foreground_only_button'.</msg>
<msg timestamp="20240818 23:50:55.879" level="INFO">criteria is com.android.permissioncontroller:id/permission_allow_foreground_only_button</msg>
<status status="PASS" starttime="20240818 23:50:55.750" endtime="20240818 23:50:55.879"/>
</kw>
<kw name="Sleep" library="BuiltIn">
<arg>2s</arg>
<doc>Pauses the test executed for the given time.</doc>
<msg timestamp="20240818 23:50:57.894" level="INFO">Slept 2 seconds</msg>
<status status="PASS" starttime="20240818 23:50:55.879" endtime="20240818 23:50:57.894"/>
</kw>
<status status="PASS" starttime="20240818 23:50:55.750" endtime="20240818 23:50:57.894"/>
</kw>
<kw name="Then LionParcelCheckRatePage.Permission Pop Up Will Be Disappear And Check Rate Page Element Will Be Appear" library="LionParcelCheckRatePage">
<kw name="Wait Until Element Is Visible" library="AppiumLibrary">
<arg>xpath=${check_rate_title_xpath}</arg>
<arg>${time_out_element_visible}</arg>
<doc>Waits until element specified with `locator` is visible.</doc>
<msg timestamp="20240818 23:50:58.576" level="INFO">xpath criteria: //android.widget.TextView[@text="Cek Tarif untuk Pengirimanmu"]</msg>
<status status="PASS" starttime="20240818 23:50:57.894" endtime="20240818 23:50:58.576"/>
</kw>
<kw name="Wait Until Element Is Visible" library="AppiumLibrary">
<arg>id=${origin_address_xpath_id}</arg>
<arg>${time_out_element_visible}</arg>
<doc>Waits until element specified with `locator` is visible.</doc>
<msg timestamp="20240818 23:50:58.676" level="INFO">criteria is com.lionparcel.services.consumer:id/edtOriginAddress</msg>
<status status="PASS" starttime="20240818 23:50:58.576" endtime="20240818 23:50:58.676"/>
</kw>
<kw name="Wait Until Element Is Visible" library="AppiumLibrary">
<arg>id=${destination_address_xpath_id}</arg>
<arg>${time_out_element_visible}</arg>
<doc>Waits until element specified with `locator` is visible.</doc>
<msg timestamp="20240818 23:50:58.802" level="INFO">criteria is com.lionparcel.services.consumer:id/edtDestinationAddress</msg>
<status status="PASS" starttime="20240818 23:50:58.676" endtime="20240818 23:50:58.802"/>
</kw>
<kw name="Wait Until Element Is Visible" library="AppiumLibrary">
<arg>xpath=${switch_button_xpath}</arg>
<arg>${time_out_element_visible}</arg>
<doc>Waits until element specified with `locator` is visible.</doc>
<msg timestamp="20240818 23:50:58.974" level="INFO">xpath criteria: (//android.widget.ImageView[@content-desc="Ini merupakan sebuah gambar"])[3]</msg>
<status status="PASS" starttime="20240818 23:50:58.802" endtime="20240818 23:50:58.975"/>
</kw>
<kw name="Wait Until Element Is Visible" library="AppiumLibrary">
<arg>id=${check_rate_button_xpath}</arg>
<arg>${time_out_element_visible}</arg>
<doc>Waits until element specified with `locator` is visible.</doc>
<msg timestamp="20240818 23:50:59.034" level="INFO">criteria is com.lionparcel.services.consumer:id/btnCheckTariff</msg>
<status status="PASS" starttime="20240818 23:50:58.975" endtime="20240818 23:50:59.034"/>
</kw>
<kw name="Get Text" library="AppiumLibrary">
<var>${origin_address_text}</var>
<arg>id=${origin_address_xpath_id}</arg>
<doc>Get element text (for hybrid and mobile browser use `xpath` locator, others might cause problem)</doc>
<msg timestamp="20240818 23:50:59.159" level="INFO">Element 'id=com.lionparcel.services.consumer:id/edtOriginAddress' text is 'Panongan, Tangerang (TNG)' </msg>
<msg timestamp="20240818 23:50:59.159" level="INFO">criteria is com.lionparcel.services.consumer:id/edtOriginAddress</msg>
<msg timestamp="20240818 23:50:59.159" level="INFO">${origin_address_text} = Panongan, Tangerang (TNG)</msg>
<status status="PASS" starttime="20240818 23:50:59.034" endtime="20240818 23:50:59.159"/>
</kw>
<kw name="Set Global Variable" library="BuiltIn">
<arg>${global_origin_address_text}</arg>
<arg>${origin_address_text}</arg>
<doc>Makes a variable available globally in all tests and suites.</doc>
<msg timestamp="20240818 23:50:59.161" level="INFO">${global_origin_address_text} = Panongan, Tangerang (TNG)</msg>
<status status="PASS" starttime="20240818 23:50:59.159" endtime="20240818 23:50:59.161"/>
</kw>
<kw name="Should Not Be Empty" library="BuiltIn">
<arg>${origin_address_text}</arg>
<doc>Verifies that the given item is not empty.</doc>
<msg timestamp="20240818 23:50:59.161" level="INFO">Length is 25</msg>
<status status="PASS" starttime="20240818 23:50:59.161" endtime="20240818 23:50:59.161"/>
</kw>
<status status="PASS" starttime="20240818 23:50:57.894" endtime="20240818 23:50:59.161"/>
</kw>
<kw name="When LionParcelCheckRatePage.User Click Destination Address Field" library="LionParcelCheckRatePage">
<kw name="Click Element" library="AppiumLibrary">
<arg>id=${destination_address_xpath_id}</arg>
<doc>Click element identified by `locator`.</doc>
<msg timestamp="20240818 23:50:59.163" level="INFO">Clicking element 'id=com.lionparcel.services.consumer:id/edtDestinationAddress'.</msg>
<msg timestamp="20240818 23:50:59.353" level="INFO">criteria is com.lionparcel.services.consumer:id/edtDestinationAddress</msg>
<status status="PASS" starttime="20240818 23:50:59.161" endtime="20240818 23:50:59.353"/>
</kw>
<kw name="Sleep" library="BuiltIn">
<arg>7s</arg>
<doc>Pauses the test executed for the given time.</doc>
<msg timestamp="20240818 23:51:06.358" level="INFO">Slept 7 seconds</msg>
<status status="PASS" starttime="20240818 23:50:59.353" endtime="20240818 23:51:06.358"/>
</kw>
<status status="PASS" starttime="20240818 23:50:59.161" endtime="20240818 23:51:06.358"/>
</kw>
<kw name="Then LionParcelSearchLocationPage.Search Location Page Will Be Appear" library="LionParcelSearchLocationPage">
<kw name="Wait Until Element Is Visible" library="AppiumLibrary">
<arg>id=${col_toolbar_xpath_id}</arg>
<arg>${time_out_element_visible}</arg>
<doc>Waits until element specified with `locator` is visible.</doc>
<msg timestamp="20240818 23:51:06.437" level="INFO">criteria is com.lionparcel.services.consumer:id/collapsingToolbar</msg>
<status status="PASS" starttime="20240818 23:51:06.359" endtime="20240818 23:51:06.437"/>
</kw>
<kw name="Wait Until Element Is Visible" library="AppiumLibrary">
<arg>id=${toolbar_xpath_id}</arg>
<arg>${time_out_element_visible}</arg>
<doc>Waits until element specified with `locator` is visible.</doc>
<msg timestamp="20240818 23:51:06.505" level="INFO">criteria is com.lionparcel.services.consumer:id/toolbar</msg>
<status status="PASS" starttime="20240818 23:51:06.438" endtime="20240818 23:51:06.505"/>
</kw>
<kw name="Wait Until Element Is Visible" library="AppiumLibrary">
<arg>xpath=${relative_layout_xpath}</arg>
<arg>${time_out_element_visible}</arg>
<doc>Waits until element specified with `locator` is visible.</doc>
<msg timestamp="20240818 23:51:06.613" level="INFO">xpath criteria: //android.widget.RelativeLayout</msg>
<status status="PASS" starttime="20240818 23:51:06.506" endtime="20240818 23:51:06.613"/>
</kw>
<kw name="Wait Until Element Is Visible" library="AppiumLibrary">
<arg>id=${llKeyword_xpath_id}</arg>
<arg>${time_out_element_visible}</arg>
<doc>Waits until element specified with `locator` is visible.</doc>
<msg timestamp="20240818 23:51:06.693" level="INFO">criteria is com.lionparcel.services.consumer:id/llKeyword</msg>
<status status="PASS" starttime="20240818 23:51:06.613" endtime="20240818 23:51:06.693"/>
</kw>
<kw name="Wait Until Element Is Visible" library="AppiumLibrary">
<arg>id=${route_edit_xpath_id}</arg>
<arg>${time_out_element_visible}</arg>
<doc>Waits until element specified with `locator` is visible.</doc>
<msg timestamp="20240818 23:51:06.770" level="INFO">criteria is com.lionparcel.services.consumer:id/edtRouteSearch</msg>
<status status="PASS" starttime="20240818 23:51:06.693" endtime="20240818 23:51:06.770"/>
</kw>
<status status="PASS" starttime="20240818 23:51:06.359" endtime="20240818 23:51:06.771"/>
</kw>
<kw name="When LionParcelSearchLocationPage.User Fill Route Search Field Only With 1 Character" library="LionParcelSearchLocationPage">
<kw name="Input Text" library="AppiumLibrary">
<arg>id=${route_edit_xpath_id}</arg>
<arg>${one_char_text}</arg>
<doc>Types the given `text` into text field identified by `locator`.</doc>
<msg timestamp="20240818 23:51:06.773" level="INFO">Typing text 'a' into text field 'id=com.lionparcel.services.consumer:id/edtRouteSearch'</msg>
<msg timestamp="20240818 23:51:06.913" level="INFO">criteria is com.lionparcel.services.consumer:id/edtRouteSearch</msg>
<status status="PASS" starttime="20240818 23:51:06.771" endtime="20240818 23:51:06.913"/>
</kw>
<kw name="Sleep" library="BuiltIn">
<arg>2s</arg>
<doc>Pauses the test executed for the given time.</doc>
<msg timestamp="20240818 23:51:08.927" level="INFO">Slept 2 seconds</msg>
<status status="PASS" starttime="20240818 23:51:06.913" endtime="20240818 23:51:08.927"/>
</kw>
<status status="PASS" starttime="20240818 23:51:06.771" endtime="20240818 23:51:08.927"/>
</kw>
<kw name="Then LionParcelSearchLocationPage.Warning Of Minimum 3 Character Will Be Appear" library="LionParcelSearchLocationPage">
<kw name="Wait Until Element Is Visible" library="AppiumLibrary">
<arg>id=${err_msg_text_xpath_id}</arg>
<arg>${time_out_element_visible}</arg>
<doc>Waits until element specified with `locator` is visible.</doc>
<msg timestamp="20240818 23:51:09.022" level="INFO">criteria is com.lionparcel.services.consumer:id/txtErrorMessage</msg>
<status status="PASS" starttime="20240818 23:51:08.928" endtime="20240818 23:51:09.022"/>
</kw>
<kw name="Get Text" library="AppiumLibrary">
<var>${err_msg_text}</var>
<arg>id=${err_msg_text_xpath_id}</arg>
<doc>Get element text (for hybrid and mobile browser use `xpath` locator, others might cause problem)</doc>
<msg timestamp="20240818 23:51:09.088" level="INFO">Element 'id=com.lionparcel.services.consumer:id/txtErrorMessage' text is 'Minimal 3 karakter' </msg>
<msg timestamp="20240818 23:51:09.088" level="INFO">criteria is com.lionparcel.services.consumer:id/txtErrorMessage</msg>
<msg timestamp="20240818 23:51:09.088" level="INFO">${err_msg_text} = Minimal 3 karakter</msg>
<status status="PASS" starttime="20240818 23:51:09.022" endtime="20240818 23:51:09.088"/>
</kw>
<kw name="Should Be Equal" library="BuiltIn">
<arg>${err_msg_text}</arg>
<arg>${err_msg_text_should_be}</arg>
<doc>Fails if the given objects are unequal.</doc>
<status status="PASS" starttime="20240818 23:51:09.088" endtime="20240818 23:51:09.088"/>
</kw>
<status status="PASS" starttime="20240818 23:51:08.928" endtime="20240818 23:51:09.088"/>
</kw>
<kw name="When LionParcelSearchLocationPage.User Fill Route Search Field With Wrong SubDisctrict Address" library="LionParcelSearchLocationPage">
<kw name="Input Text" library="AppiumLibrary">
<arg>id=${route_edit_xpath_id}</arg>
<arg>${wrong_destination_text}</arg>
<doc>Types the given `text` into text field identified by `locator`.</doc>
<msg timestamp="20240818 23:51:09.091" level="INFO">Typing text 'zzzzz' into text field 'id=com.lionparcel.services.consumer:id/edtRouteSearch'</msg>
<msg timestamp="20240818 23:51:09.848" level="INFO">criteria is com.lionparcel.services.consumer:id/edtRouteSearch</msg>
<status status="PASS" starttime="20240818 23:51:09.089" endtime="20240818 23:51:09.872"/>
</kw>
<kw name="Sleep" library="BuiltIn">
<arg>2s</arg>
<doc>Pauses the test executed for the given time.</doc>
<msg timestamp="20240818 23:51:11.882" level="INFO">Slept 2 seconds</msg>
<status status="PASS" starttime="20240818 23:51:09.872" endtime="20240818 23:51:11.882"/>
</kw>
<status status="PASS" starttime="20240818 23:51:09.089" endtime="20240818 23:51:11.882"/>
</kw>
<kw name="Then LionParcelSearchLocationPage.Warning Of Location Not Found Will Be Appear" library="LionParcelSearchLocationPage">
<kw name="Wait Until Element Is Visible" library="AppiumLibrary">
<arg>xpath=${location_not_found_text_xpath}</arg>
<arg>${time_out_element_visible}</arg>
<doc>Waits until element specified with `locator` is visible.</doc>
<msg timestamp="20240818 23:51:12.029" level="INFO">xpath criteria: //android.widget.TextView[@text="Lokasi tidak ditemukan"]</msg>
<status status="PASS" starttime="20240818 23:51:11.883" endtime="20240818 23:51:12.030"/>
</kw>
<kw name="Wait Until Element Is Visible" library="AppiumLibrary">
<arg>xpath=${location_not_reg_text_xpath}</arg>
<arg>${time_out_element_visible}</arg>
<doc>Waits until element specified with `locator` is visible.</doc>
<msg timestamp="20240818 23:51:12.157" level="INFO">xpath criteria: //android.widget.TextView[@text="Lokasi yang kamu masukkan tidak ada dalam daftar"]</msg>
<status status="PASS" starttime="20240818 23:51:12.030" endtime="20240818 23:51:12.157"/>
</kw>
<status status="PASS" starttime="20240818 23:51:11.883" endtime="20240818 23:51:12.157"/>
</kw>
<kw name="Close Application" library="AppiumLibrary">
<doc>Closes the current application and also close webdriver session.</doc>
<status status="PASS" starttime="20240818 23:51:12.158" endtime="20240818 23:51:12.562"/>
</kw>
<status status="PASS" starttime="20240818 23:48:41.058" endtime="20240818 23:51:12.563"/>
</test>
<doc>This is For Assignment 2 Create an Automated Test for the user journey of shopping cart checkout</doc>
<status status="PASS" starttime="20240818 23:48:40.879" endtime="20240818 23:51:12.564"/>
</suite>
<statistics>
<total>
<stat pass="1" fail="0" skip="0">All Tests</stat>
</total>
<tag>
</tag>
<suite>
<stat pass="1" fail="0" skip="0" id="s1" name="MobileLionParcelCheckRateNegative">MobileLionParcelCheckRateNegative</stat>
</suite>
</statistics>
<errors>
</errors>
</robot>
